{"/home/ricardo/the_odin_project/Api-webapp-capstone-project/src/__test__/Popuptemplate.js": {"path":"/home/ricardo/the_odin_project/Api-webapp-capstone-project/src/__test__/Popuptemplate.js","statementMap":{"0":{"start":{"line":1,"column":29},"end":{"line":8,"column":9}}},"fnMap":{},"branchMap":{},"s":{"0":1},"f":{},"b":{},"_coverageSchema":"1a1c01bbd47fc00a2c39e90264f33305004495a9","hash":"0b1ae401ed9236ed69a7835142b1cea0b74e7e8a"}
,"/home/ricardo/the_odin_project/Api-webapp-capstone-project/src/__test__/htmltemplate.js": {"path":"/home/ricardo/the_odin_project/Api-webapp-capstone-project/src/__test__/htmltemplate.js","statementMap":{"0":{"start":{"line":1,"column":28},"end":{"line":101,"column":9}}},"fnMap":{},"branchMap":{},"s":{"0":1},"f":{},"b":{},"_coverageSchema":"1a1c01bbd47fc00a2c39e90264f33305004495a9","hash":"b6048321d40ad9db9782300a9688d0b4e56d35cd"}
,"/home/ricardo/the_odin_project/Api-webapp-capstone-project/src/modules/commentCounter.js": {"path":"/home/ricardo/the_odin_project/Api-webapp-capstone-project/src/modules/commentCounter.js","statementMap":{"0":{"start":{"line":1,"column":28},"end":{"line":4,"column":1}},"1":{"start":{"line":2,"column":16},"end":{"line":2,"column":70}},"2":{"start":{"line":3,"column":2},"end":{"line":3,"column":22}},"3":{"start":{"line":6,"column":37},"end":{"line":9,"column":1}},"4":{"start":{"line":7,"column":21},"end":{"line":7,"column":55}},"5":{"start":{"line":8,"column":2},"end":{"line":8,"column":60}}},"fnMap":{"0":{"name":"(anonymous_0)","decl":{"start":{"line":1,"column":28},"end":{"line":1,"column":29}},"loc":{"start":{"line":1,"column":34},"end":{"line":4,"column":1}},"line":1},"1":{"name":"(anonymous_1)","decl":{"start":{"line":6,"column":37},"end":{"line":6,"column":38}},"loc":{"start":{"line":6,"column":43},"end":{"line":9,"column":1}},"line":6}},"branchMap":{},"s":{"0":1,"1":1,"2":1,"3":1,"4":0,"5":0},"f":{"0":1,"1":0},"b":{},"_coverageSchema":"1a1c01bbd47fc00a2c39e90264f33305004495a9","hash":"25f220028bde614ecc9fecdb9d26740a4d6762e3"}
,"/home/ricardo/the_odin_project/Api-webapp-capstone-project/src/modules/itemCounter.js": {"path":"/home/ricardo/the_odin_project/Api-webapp-capstone-project/src/modules/itemCounter.js","statementMap":{"0":{"start":{"line":1,"column":20},"end":{"line":4,"column":1}},"1":{"start":{"line":2,"column":16},"end":{"line":2,"column":66}},"2":{"start":{"line":3,"column":2},"end":{"line":3,"column":22}},"3":{"start":{"line":6,"column":29},"end":{"line":9,"column":1}},"4":{"start":{"line":7,"column":21},"end":{"line":7,"column":61}},"5":{"start":{"line":8,"column":2},"end":{"line":8,"column":52}}},"fnMap":{"0":{"name":"(anonymous_0)","decl":{"start":{"line":1,"column":20},"end":{"line":1,"column":21}},"loc":{"start":{"line":1,"column":26},"end":{"line":4,"column":1}},"line":1},"1":{"name":"(anonymous_1)","decl":{"start":{"line":6,"column":29},"end":{"line":6,"column":30}},"loc":{"start":{"line":6,"column":35},"end":{"line":9,"column":1}},"line":6}},"branchMap":{},"s":{"0":1,"1":1,"2":1,"3":1,"4":0,"5":0},"f":{"0":1,"1":0},"b":{},"_coverageSchema":"1a1c01bbd47fc00a2c39e90264f33305004495a9","hash":"e438bfcb5747e934e1347583cc3ab02b2b0146b1"}
}
