{"/home/arthur/Downloads/Microverse Projects/Api-webapp-capstone-project/src/__test__/htmltemplate.js": {"path":"/home/arthur/Downloads/Microverse Projects/Api-webapp-capstone-project/src/__test__/htmltemplate.js","statementMap":{"0":{"start":{"line":1,"column":28},"end":{"line":101,"column":9}}},"fnMap":{},"branchMap":{},"s":{"0":1},"f":{},"b":{},"_coverageSchema":"1a1c01bbd47fc00a2c39e90264f33305004495a9","hash":"42f49ca3617ef969f980dd826507e8fa7eb5ff78"}
,"/home/arthur/Downloads/Microverse Projects/Api-webapp-capstone-project/src/modules/itemCounter.js": {"path":"/home/arthur/Downloads/Microverse Projects/Api-webapp-capstone-project/src/modules/itemCounter.js","statementMap":{"0":{"start":{"line":1,"column":20},"end":{"line":4,"column":1}},"1":{"start":{"line":2,"column":16},"end":{"line":2,"column":66}},"2":{"start":{"line":3,"column":2},"end":{"line":3,"column":22}},"3":{"start":{"line":6,"column":29},"end":{"line":9,"column":1}},"4":{"start":{"line":7,"column":21},"end":{"line":7,"column":61}},"5":{"start":{"line":8,"column":2},"end":{"line":8,"column":52}},"6":{"start":{"line":11,"column":0},"end":{"line":11,"column":29}}},"fnMap":{"0":{"name":"(anonymous_0)","decl":{"start":{"line":1,"column":20},"end":{"line":1,"column":21}},"loc":{"start":{"line":1,"column":26},"end":{"line":4,"column":1}},"line":1},"1":{"name":"(anonymous_1)","decl":{"start":{"line":6,"column":29},"end":{"line":6,"column":30}},"loc":{"start":{"line":6,"column":35},"end":{"line":9,"column":1}},"line":6}},"branchMap":{},"s":{"0":1,"1":1,"2":1,"3":1,"4":0,"5":0,"6":1},"f":{"0":1,"1":0},"b":{},"_coverageSchema":"1a1c01bbd47fc00a2c39e90264f33305004495a9","hash":"37d5b7fe5888694a1ac0b38f5b81134bd70bf583"}
}
